00:00:30.668 INFO  - Loading configurations from: file:/C:/Users/Docal/.m2/repository/io/skullabs/kikaha/kikaha-core/2.1.8.Final/kikaha-core-2.1.8.Final.jar!/META-INF/defaults.yml
00:00:30.720 INFO  - Loading configurations from: file:/C:/Users/Docal/.m2/repository/io/skullabs/kikaha/kikaha-urouting/2.1.8.Final/kikaha-urouting-2.1.8.Final.jar!/META-INF/defaults.yml
00:00:30.721 INFO  - Loading configurations from: file:/C:/Users/Docal/.m2/repository/io/skullabs/kikaha/kikaha-jackson/2.1.8.Final/kikaha-jackson-2.1.8.Final.jar!/META-INF/defaults.yml
00:00:30.722 INFO  - Loading configurations from: file:/C:/Users/Docal/.m2/repository/io/skullabs/kikaha/kikaha-db/2.1.8.Final/kikaha-db-2.1.8.Final.jar!/META-INF/defaults.yml
00:00:30.724 INFO  - Loading configurations from: /C:/Users/Docal/Documents/GUISMI/GUISM_SERVER/output/classes/conf/application.yml
00:00:30.726 INFO  - Loading configurations from: /C:/Users/Docal/Documents/GUISMI/GUISM_SERVER/output/test-classes/conf/application-test.yml
00:00:30.992 INFO  - REST API Session Store: no session will be persisted on server.
00:00:31.357 INFO  - Micro Routing API
00:00:31.358 INFO  -   default-encoding: UTF-8
00:00:31.359 INFO  -   default-content-type: application/json
00:00:31.359 INFO  -   content-type-priority: REQUEST
00:00:50.643 ERROR - Unable to start org.vibur.dbcp.ViburDBCPDataSource@7e990ed7[driverClassName = com.mysql.cj.jdbc.Driver, jdbcUrl = jdbc:mysql://localhost/guism?serverTimezone=UTC, username = root, externalDataSource = null, poolInitialSize = 10, poolMaxSize = 10, poolFair = true, pool = null, name = p1, connectionTimeoutInMs = 30000, loginTimeoutInSeconds = 10, acquireRetryDelayInMs = 1000, acquireRetryAttempts = 3, statementCacheMaxSize = 0] due to:
org.vibur.dbcp.ViburDBCPException: com.mysql.cj.jdbc.exceptions.CommunicationsException: Communications link failure

The last packet sent successfully to the server was 0 milliseconds ago. The driver has not received any packets from the server.
	at org.vibur.dbcp.pool.ConnectionFactory.create(ConnectionFactory.java:87)
	at org.vibur.dbcp.pool.ConnectionFactory.create(ConnectionFactory.java:71)
	at org.vibur.dbcp.pool.ConnectionFactory.create(ConnectionFactory.java:49)
	at org.vibur.objectpool.ConcurrentPool.create(ConcurrentPool.java:138)
	at org.vibur.objectpool.ConcurrentPool.addInitialObjects(ConcurrentPool.java:128)
	at org.vibur.objectpool.ConcurrentPool.<init>(ConcurrentPool.java:122)
	at org.vibur.dbcp.ViburDBCPDataSource.doStart(ViburDBCPDataSource.java:241)
	at org.vibur.dbcp.ViburDBCPDataSource.start(ViburDBCPDataSource.java:211)
	at kikaha.db.ViburDataSourceFactory.newDataSource(ViburDataSourceFactory.java:19)
	at kikaha.db.DataSourceProducer.startAndCacheConfiguredDataSources(DataSourceProducer.java:37)
	at kikaha.db.DataSourceProducer.getCachedDataSources(DataSourceProducer.java:18)
	at kikaha.jdbi.KikahaJDBIExtension.createAJdbiConnection(KikahaJDBIExtension.java:51)
	at kikaha.jdbi.KikahaJDBIExtension.lambda$instantiate$0(KikahaJDBIExtension.java:36)
	at java.util.concurrent.ConcurrentHashMap.computeIfAbsent(ConcurrentHashMap.java:1660)
	at kikaha.jdbi.KikahaJDBIExtension.instantiate(KikahaJDBIExtension.java:34)
	at kikaha.core.cdi.InjectionContext.instantiate(InjectionContext.java:41)
	at kikaha.core.cdi.DefaultCDI$DependencyInjector.loadServicesFor(DefaultCDI.java:181)
	at kikaha.core.cdi.DefaultCDI$DependencyInjector.loadAll(DefaultCDI.java:169)
	at kikaha.core.cdi.DefaultCDI$DependencyInjector.loadAll(DefaultCDI.java:160)
	at kikaha.core.cdi.DefaultCDI$DependencyInjector.lambda$load$0(DefaultCDI.java:137)
	at kikaha.core.cdi.helpers.Reference.getOrElse(Reference.java:23)
	at kikaha.core.cdi.DefaultCDI$DependencyInjector.load(DefaultCDI.java:137)
	at kikaha.core.cdi.helpers.SingleElementProvidableField.provide(SingleElementProvidableField.java:27)
	at kikaha.core.cdi.DefaultCDI$DependencyInjector.tryInjectFields(DefaultCDI.java:204)
	at kikaha.core.cdi.DefaultCDI$DependencyInjector.loadDependenciesAndInjectInto(DefaultCDI.java:197)
	at kikaha.core.cdi.DefaultCDI$DependencyInjector.loadDependenciesAndInjectInto(DefaultCDI.java:191)
	at kikaha.core.cdi.DefaultCDI$DependencyInjector.loadServicesFor(DefaultCDI.java:184)
	at kikaha.core.cdi.DefaultCDI$DependencyInjector.loadAll(DefaultCDI.java:169)
	at kikaha.core.cdi.DefaultCDI$DependencyInjector.loadAll(DefaultCDI.java:160)
	at kikaha.core.cdi.DefaultCDI$DependencyInjector.lambda$load$0(DefaultCDI.java:137)
	at kikaha.core.cdi.helpers.Reference.getOrElse(Reference.java:23)
	at kikaha.core.cdi.DefaultCDI$DependencyInjector.load(DefaultCDI.java:137)
	at kikaha.core.cdi.helpers.SingleElementProvidableField.provide(SingleElementProvidableField.java:27)
	at kikaha.core.cdi.DefaultCDI$DependencyInjector.tryInjectFields(DefaultCDI.java:204)
	at kikaha.core.cdi.DefaultCDI$DependencyInjector.loadDependenciesAndInjectInto(DefaultCDI.java:197)
	at kikaha.core.cdi.DefaultCDI$DependencyInjector.loadDependenciesAndInjectInto(DefaultCDI.java:191)
	at kikaha.core.cdi.DefaultCDI$DependencyInjector.loadServicesFor(DefaultCDI.java:184)
	at kikaha.core.cdi.DefaultCDI$DependencyInjector.loadAll(DefaultCDI.java:169)
	at kikaha.core.cdi.DefaultCDI$DependencyInjector.loadAll(DefaultCDI.java:160)
	at kikaha.core.cdi.helpers.ManyElementsProvidableField.provide(ManyElementsProvidableField.java:26)
	at kikaha.core.cdi.DefaultCDI$DependencyInjector.tryInjectFields(DefaultCDI.java:204)
	at kikaha.core.cdi.DefaultCDI$DependencyInjector.loadDependenciesAndInjectInto(DefaultCDI.java:197)
	at kikaha.core.cdi.DefaultCDI$DependencyInjector.loadDependenciesAndInjectInto(DefaultCDI.java:191)
	at kikaha.core.cdi.DefaultCDI$DependencyInjector.loadServicesFor(DefaultCDI.java:184)
	at kikaha.core.cdi.DefaultCDI$DependencyInjector.loadAll(DefaultCDI.java:169)
	at kikaha.core.cdi.DefaultCDI$DependencyInjector.loadAll(DefaultCDI.java:160)
	at kikaha.core.cdi.helpers.ManyElementsProvidableField.provide(ManyElementsProvidableField.java:26)
	at kikaha.core.cdi.DefaultCDI$DependencyInjector.tryInjectFields(DefaultCDI.java:204)
	at kikaha.core.cdi.DefaultCDI$DependencyInjector.loadDependenciesAndInjectInto(DefaultCDI.java:197)
	at kikaha.core.cdi.DefaultCDI$DependencyInjector.loadDependenciesAndInjectInto(DefaultCDI.java:191)
	at kikaha.core.cdi.DefaultCDI$DependencyInjector.loadServicesFor(DefaultCDI.java:184)
	at kikaha.core.cdi.DefaultCDI$DependencyInjector.loadAll(DefaultCDI.java:169)
	at kikaha.core.cdi.DefaultCDI$DependencyInjector.loadAll(DefaultCDI.java:160)
	at kikaha.core.cdi.DefaultCDI$DependencyInjector.lambda$load$0(DefaultCDI.java:137)
	at kikaha.core.cdi.helpers.Reference.getOrElse(Reference.java:23)
	at kikaha.core.cdi.DefaultCDI$DependencyInjector.load(DefaultCDI.java:137)
	at kikaha.core.cdi.helpers.SingleElementProvidableField.provide(SingleElementProvidableField.java:27)
	at kikaha.core.cdi.DefaultCDI$DependencyInjector.tryInjectFields(DefaultCDI.java:204)
	at kikaha.core.cdi.DefaultCDI$DependencyInjector.loadDependenciesAndInjectInto(DefaultCDI.java:197)
	at kikaha.core.cdi.DefaultCDI.lambda$injectOn$3(DefaultCDI.java:100)
	at kikaha.core.cdi.DefaultCDI.withInjector(DefaultCDI.java:105)
	at kikaha.core.cdi.DefaultCDI.injectOn(DefaultCDI.java:100)
	at kikaha.core.test.KikahaServerRunner.<clinit>(KikahaServerRunner.java:23)
	at sun.reflect.NativeConstructorAccessorImpl.newInstance0(Native Method)
	at sun.reflect.NativeConstructorAccessorImpl.newInstance(NativeConstructorAccessorImpl.java:62)
	at sun.reflect.DelegatingConstructorAccessorImpl.newInstance(DelegatingConstructorAccessorImpl.java:45)
	at java.lang.reflect.Constructor.newInstance(Constructor.java:423)
	at org.junit.internal.builders.AnnotatedBuilder.buildRunner(AnnotatedBuilder.java:104)
	at org.junit.internal.builders.AnnotatedBuilder.runnerForClass(AnnotatedBuilder.java:86)
	at org.junit.runners.model.RunnerBuilder.safeRunnerForClass(RunnerBuilder.java:59)
	at org.junit.internal.builders.AllDefaultPossibilitiesBuilder.runnerForClass(AllDefaultPossibilitiesBuilder.java:26)
	at org.junit.runners.model.RunnerBuilder.safeRunnerForClass(RunnerBuilder.java:59)
	at org.junit.internal.requests.ClassRequest.getRunner(ClassRequest.java:33)
	at org.junit.internal.requests.FilterRequest.getRunner(FilterRequest.java:36)
	at com.intellij.junit4.JUnit4IdeaTestRunner.startRunnerWithArgs(JUnit4IdeaTestRunner.java:49)
	at com.intellij.rt.execution.junit.IdeaTestRunner$Repeater.startRunnerWithArgs(IdeaTestRunner.java:47)
	at com.intellij.rt.execution.junit.JUnitStarter.prepareStreamsAndStart(JUnitStarter.java:242)
	at com.intellij.rt.execution.junit.JUnitStarter.main(JUnitStarter.java:70)
Caused by: com.mysql.cj.jdbc.exceptions.CommunicationsException: Communications link failure

The last packet sent successfully to the server was 0 milliseconds ago. The driver has not received any packets from the server.
	at com.mysql.cj.jdbc.exceptions.SQLError.createCommunicationsException(SQLError.java:174)
	at com.mysql.cj.jdbc.exceptions.SQLExceptionsMapping.translateException(SQLExceptionsMapping.java:64)
	at com.mysql.cj.jdbc.ConnectionImpl.createNewIO(ConnectionImpl.java:835)
	at com.mysql.cj.jdbc.ConnectionImpl.<init>(ConnectionImpl.java:455)
	at com.mysql.cj.jdbc.ConnectionImpl.getInstance(ConnectionImpl.java:240)
	at com.mysql.cj.jdbc.NonRegisteringDriver.connect(NonRegisteringDriver.java:199)
	at org.vibur.dbcp.pool.Connector$Builder$Driver.connect(Connector.java:70)
	at org.vibur.dbcp.pool.ConnectionFactory.create(ConnectionFactory.java:83)
	... 77 common frames omitted
Caused by: com.mysql.cj.exceptions.CJCommunicationsException: Communications link failure

The last packet sent successfully to the server was 0 milliseconds ago. The driver has not received any packets from the server.
	at sun.reflect.NativeConstructorAccessorImpl.newInstance0(Native Method)
	at sun.reflect.NativeConstructorAccessorImpl.newInstance(NativeConstructorAccessorImpl.java:62)
	at sun.reflect.DelegatingConstructorAccessorImpl.newInstance(DelegatingConstructorAccessorImpl.java:45)
	at java.lang.reflect.Constructor.newInstance(Constructor.java:423)
	at com.mysql.cj.exceptions.ExceptionFactory.createException(ExceptionFactory.java:61)
	at com.mysql.cj.exceptions.ExceptionFactory.createException(ExceptionFactory.java:105)
	at com.mysql.cj.exceptions.ExceptionFactory.createException(ExceptionFactory.java:151)
	at com.mysql.cj.exceptions.ExceptionFactory.createCommunicationsException(ExceptionFactory.java:167)
	at com.mysql.cj.protocol.a.NativeSocketConnection.connect(NativeSocketConnection.java:91)
	at com.mysql.cj.NativeSession.connect(NativeSession.java:152)
	at com.mysql.cj.jdbc.ConnectionImpl.connectOneTryOnly(ConnectionImpl.java:955)
	at com.mysql.cj.jdbc.ConnectionImpl.createNewIO(ConnectionImpl.java:825)
	... 82 common frames omitted
Caused by: java.net.ConnectException: Connection refused: connect
	at java.net.DualStackPlainSocketImpl.waitForConnect(Native Method)
	at java.net.DualStackPlainSocketImpl.socketConnect(DualStackPlainSocketImpl.java:85)
	at java.net.AbstractPlainSocketImpl.doConnect(AbstractPlainSocketImpl.java:350)
	at java.net.AbstractPlainSocketImpl.connectToAddress(AbstractPlainSocketImpl.java:206)
	at java.net.AbstractPlainSocketImpl.connect(AbstractPlainSocketImpl.java:188)
	at java.net.PlainSocketImpl.connect(PlainSocketImpl.java:172)
	at java.net.SocksSocketImpl.connect(SocksSocketImpl.java:392)
	at java.net.Socket.connect(Socket.java:589)
	at com.mysql.cj.protocol.StandardSocketFactory.connect(StandardSocketFactory.java:155)
	at com.mysql.cj.protocol.a.NativeSocketConnection.connect(NativeSocketConnection.java:65)
	... 85 common frames omitted
00:00:50.704 INFO  - Terminated org.vibur.dbcp.ViburDBCPDataSource@7e990ed7[driverClassName = com.mysql.cj.jdbc.Driver, jdbcUrl = jdbc:mysql://localhost/guism?serverTimezone=UTC, username = root, externalDataSource = null, poolInitialSize = 10, poolMaxSize = 10, poolFair = true, pool = null, name = p1, connectionTimeoutInMs = 30000, loginTimeoutInSeconds = 10, acquireRetryDelayInMs = 1000, acquireRetryAttempts = 3, statementCacheMaxSize = 0]
00:00:50.704 WARN  - No data found for carros.CarroQueries; Location: carros.CarrosResource; Condition: IsAssignableFrom(carros.CarroQueries) AND Qualifiers(])
00:00:50.721 INFO  - Looking for modules...
00:00:50.724 INFO  - Registering route: POST:/auth/callback
00:00:50.726 INFO  - Registering route: POST:/api/carros
00:00:50.727 INFO  - Registering route: GET:/users/{id}
00:00:50.727 INFO  - Registering route: POST:/users
00:00:50.728 INFO  - Registering route: GET:/api/carros/{id}
00:00:50.728 INFO  - Registering route: GET:/users
00:00:50.750 INFO  - XNIO version 3.3.8.Final
00:00:50.764 INFO  - XNIO NIO Implementation Version 3.3.8.Final
00:00:51.093 INFO  - Configuring Undertow options...
00:00:51.094 INFO  -   buffer-size: 1024
00:00:51.097 INFO  -   io.undertow.UndertowOptions.ENABLE_STATISTICS: false
00:00:51.097 INFO  -   io.undertow.UndertowOptions.RECORD_REQUEST_START_TIME: false
00:00:51.097 INFO  -   io.undertow.UndertowOptions.ALWAYS_SET_KEEP_ALIVE: true
00:00:51.097 INFO  -   org.xnio.Options.BACKLOG: 20000
00:00:51.115 INFO  - Listening for HTTP requests at 0.0.0.0:9000
00:00:51.171 INFO  - Unit test server started.
22:14:22.036 INFO  - Loading configurations from: file:/C:/Users/Docal/.m2/repository/io/skullabs/kikaha/kikaha-core/2.1.8.Final/kikaha-core-2.1.8.Final.jar!/META-INF/defaults.yml
22:14:22.071 INFO  - Loading configurations from: file:/C:/Users/Docal/.m2/repository/io/skullabs/kikaha/kikaha-urouting/2.1.8.Final/kikaha-urouting-2.1.8.Final.jar!/META-INF/defaults.yml
22:14:22.072 INFO  - Loading configurations from: file:/C:/Users/Docal/.m2/repository/io/skullabs/kikaha/kikaha-jackson/2.1.8.Final/kikaha-jackson-2.1.8.Final.jar!/META-INF/defaults.yml
22:14:22.073 INFO  - Loading configurations from: file:/C:/Users/Docal/.m2/repository/io/skullabs/kikaha/kikaha-db/2.1.8.Final/kikaha-db-2.1.8.Final.jar!/META-INF/defaults.yml
22:14:22.077 INFO  - Loading configurations from: /C:/Users/Docal/Documents/GUISMI/GUISM_SERVER/output/classes/conf/application.yml
22:14:22.082 INFO  - Loading configurations from: /C:/Users/Docal/Documents/GUISMI/GUISM_SERVER/output/test-classes/conf/application-test.yml
22:14:22.301 INFO  - REST API Session Store: no session will be persisted on server.
22:14:22.556 INFO  - Micro Routing API
22:14:22.556 INFO  -   default-encoding: UTF-8
22:14:22.557 INFO  -   default-content-type: application/json
22:14:22.557 INFO  -   content-type-priority: REQUEST
22:14:23.324 INFO  - Started org.vibur.dbcp.ViburDBCPDataSource@6cce16f4[driverClassName = com.mysql.cj.jdbc.Driver, jdbcUrl = jdbc:mysql://localhost/guism?serverTimezone=UTC, username = root, externalDataSource = null, poolInitialSize = 10, poolMaxSize = 10, poolFair = true, pool = org.vibur.objectpool.ConcurrentPool@7efaad5a[remainingCreated = 10], name = p1, connectionTimeoutInMs = 30000, loginTimeoutInSeconds = 10, acquireRetryDelayInMs = 1000, acquireRetryAttempts = 3, statementCacheMaxSize = 0]
22:14:23.430 INFO  - Looking for modules...
22:14:23.432 INFO  - Registering route: POST:/auth/callback
22:14:23.435 INFO  - Registering route: POST:/api/acao
22:14:23.435 INFO  - Registering route: POST:/api/carros
22:14:23.435 INFO  - Registering route: GET:/users/{id}
22:14:23.436 INFO  - Registering route: POST:/users
22:14:23.436 INFO  - Registering route: GET:/api/carros/{id}
22:14:23.436 INFO  - Registering route: GET:/api/acao/(id)
22:14:23.436 INFO  - Registering route: GET:/users
22:14:23.510 INFO  - XNIO version 3.3.8.Final
22:14:23.531 INFO  - XNIO NIO Implementation Version 3.3.8.Final
22:14:23.549 INFO  - Configuring Undertow options...
22:14:23.550 INFO  -   buffer-size: 1024
22:14:23.552 INFO  -   io.undertow.UndertowOptions.ENABLE_STATISTICS: false
22:14:23.552 INFO  -   io.undertow.UndertowOptions.RECORD_REQUEST_START_TIME: false
22:14:23.553 INFO  -   io.undertow.UndertowOptions.ALWAYS_SET_KEEP_ALIVE: true
22:14:23.553 INFO  -   org.xnio.Options.BACKLOG: 20000
22:14:23.569 INFO  - Listening for HTTP requests at 0.0.0.0:9000
22:14:23.638 INFO  - Unit test server started.
22:38:30.267 INFO  - Loading configurations from: file:/C:/Users/Docal/.m2/repository/io/skullabs/kikaha/kikaha-core/2.1.8.Final/kikaha-core-2.1.8.Final.jar!/META-INF/defaults.yml
22:38:30.303 INFO  - Loading configurations from: file:/C:/Users/Docal/.m2/repository/io/skullabs/kikaha/kikaha-urouting/2.1.8.Final/kikaha-urouting-2.1.8.Final.jar!/META-INF/defaults.yml
22:38:30.304 INFO  - Loading configurations from: file:/C:/Users/Docal/.m2/repository/io/skullabs/kikaha/kikaha-jackson/2.1.8.Final/kikaha-jackson-2.1.8.Final.jar!/META-INF/defaults.yml
22:38:30.305 INFO  - Loading configurations from: file:/C:/Users/Docal/.m2/repository/io/skullabs/kikaha/kikaha-db/2.1.8.Final/kikaha-db-2.1.8.Final.jar!/META-INF/defaults.yml
22:38:30.306 INFO  - Loading configurations from: /C:/Users/Docal/Documents/GUISMI/GUISM_SERVER/output/classes/conf/application.yml
22:38:30.308 INFO  - Loading configurations from: /C:/Users/Docal/Documents/GUISMI/GUISM_SERVER/output/test-classes/conf/application-test.yml
22:38:31.325 INFO  - Started org.vibur.dbcp.ViburDBCPDataSource@7e990ed7[driverClassName = com.mysql.cj.jdbc.Driver, jdbcUrl = jdbc:mysql://localhost/guism?serverTimezone=UTC, username = root, externalDataSource = null, poolInitialSize = 10, poolMaxSize = 10, poolFair = true, pool = org.vibur.objectpool.ConcurrentPool@c05fddc[remainingCreated = 10], name = p1, connectionTimeoutInMs = 30000, loginTimeoutInSeconds = 10, acquireRetryDelayInMs = 1000, acquireRetryAttempts = 3, statementCacheMaxSize = 0]
22:38:31.612 INFO  - Terminated org.vibur.dbcp.ViburDBCPDataSource@7e990ed7[driverClassName = com.mysql.cj.jdbc.Driver, jdbcUrl = jdbc:mysql://localhost/guism?serverTimezone=UTC, username = root, externalDataSource = null, poolInitialSize = 10, poolMaxSize = 10, poolFair = true, pool = org.vibur.objectpool.ConcurrentPool@c05fddc[terminated], name = p1, connectionTimeoutInMs = 30000, loginTimeoutInSeconds = 10, acquireRetryDelayInMs = 1000, acquireRetryAttempts = 3, statementCacheMaxSize = 0]
22:39:05.914 INFO  - Loading configurations from: file:/C:/Users/Docal/.m2/repository/io/skullabs/kikaha/kikaha-core/2.1.8.Final/kikaha-core-2.1.8.Final.jar!/META-INF/defaults.yml
22:39:05.956 INFO  - Loading configurations from: file:/C:/Users/Docal/.m2/repository/io/skullabs/kikaha/kikaha-urouting/2.1.8.Final/kikaha-urouting-2.1.8.Final.jar!/META-INF/defaults.yml
22:39:05.957 INFO  - Loading configurations from: file:/C:/Users/Docal/.m2/repository/io/skullabs/kikaha/kikaha-jackson/2.1.8.Final/kikaha-jackson-2.1.8.Final.jar!/META-INF/defaults.yml
22:39:05.958 INFO  - Loading configurations from: file:/C:/Users/Docal/.m2/repository/io/skullabs/kikaha/kikaha-db/2.1.8.Final/kikaha-db-2.1.8.Final.jar!/META-INF/defaults.yml
22:39:05.959 INFO  - Loading configurations from: /C:/Users/Docal/Documents/GUISMI/GUISM_SERVER/output/classes/conf/application.yml
22:39:05.962 INFO  - Loading configurations from: /C:/Users/Docal/Documents/GUISMI/GUISM_SERVER/output/test-classes/conf/application-test.yml
22:39:07.084 INFO  - Started org.vibur.dbcp.ViburDBCPDataSource@7e990ed7[driverClassName = com.mysql.cj.jdbc.Driver, jdbcUrl = jdbc:mysql://localhost/guism?serverTimezone=UTC, username = root, externalDataSource = null, poolInitialSize = 10, poolMaxSize = 10, poolFair = true, pool = org.vibur.objectpool.ConcurrentPool@c05fddc[remainingCreated = 10], name = p1, connectionTimeoutInMs = 30000, loginTimeoutInSeconds = 10, acquireRetryDelayInMs = 1000, acquireRetryAttempts = 3, statementCacheMaxSize = 0]
22:39:07.377 INFO  - Terminated org.vibur.dbcp.ViburDBCPDataSource@7e990ed7[driverClassName = com.mysql.cj.jdbc.Driver, jdbcUrl = jdbc:mysql://localhost/guism?serverTimezone=UTC, username = root, externalDataSource = null, poolInitialSize = 10, poolMaxSize = 10, poolFair = true, pool = org.vibur.objectpool.ConcurrentPool@c05fddc[terminated], name = p1, connectionTimeoutInMs = 30000, loginTimeoutInSeconds = 10, acquireRetryDelayInMs = 1000, acquireRetryAttempts = 3, statementCacheMaxSize = 0]
22:40:17.459 INFO  - Loading configurations from: file:/C:/Users/Docal/.m2/repository/io/skullabs/kikaha/kikaha-core/2.1.8.Final/kikaha-core-2.1.8.Final.jar!/META-INF/defaults.yml
22:40:17.494 INFO  - Loading configurations from: file:/C:/Users/Docal/.m2/repository/io/skullabs/kikaha/kikaha-urouting/2.1.8.Final/kikaha-urouting-2.1.8.Final.jar!/META-INF/defaults.yml
22:40:17.495 INFO  - Loading configurations from: file:/C:/Users/Docal/.m2/repository/io/skullabs/kikaha/kikaha-jackson/2.1.8.Final/kikaha-jackson-2.1.8.Final.jar!/META-INF/defaults.yml
22:40:17.495 INFO  - Loading configurations from: file:/C:/Users/Docal/.m2/repository/io/skullabs/kikaha/kikaha-db/2.1.8.Final/kikaha-db-2.1.8.Final.jar!/META-INF/defaults.yml
22:40:17.497 INFO  - Loading configurations from: /C:/Users/Docal/Documents/GUISMI/GUISM_SERVER/output/classes/conf/application.yml
22:40:17.498 INFO  - Loading configurations from: /C:/Users/Docal/Documents/GUISMI/GUISM_SERVER/output/test-classes/conf/application-test.yml
22:40:18.512 INFO  - Started org.vibur.dbcp.ViburDBCPDataSource@7e990ed7[driverClassName = com.mysql.cj.jdbc.Driver, jdbcUrl = jdbc:mysql://localhost/guism?serverTimezone=UTC, username = root, externalDataSource = null, poolInitialSize = 10, poolMaxSize = 10, poolFair = true, pool = org.vibur.objectpool.ConcurrentPool@c05fddc[remainingCreated = 10], name = p1, connectionTimeoutInMs = 30000, loginTimeoutInSeconds = 10, acquireRetryDelayInMs = 1000, acquireRetryAttempts = 3, statementCacheMaxSize = 0]
22:40:18.768 INFO  - Terminated org.vibur.dbcp.ViburDBCPDataSource@7e990ed7[driverClassName = com.mysql.cj.jdbc.Driver, jdbcUrl = jdbc:mysql://localhost/guism?serverTimezone=UTC, username = root, externalDataSource = null, poolInitialSize = 10, poolMaxSize = 10, poolFair = true, pool = org.vibur.objectpool.ConcurrentPool@c05fddc[terminated], name = p1, connectionTimeoutInMs = 30000, loginTimeoutInSeconds = 10, acquireRetryDelayInMs = 1000, acquireRetryAttempts = 3, statementCacheMaxSize = 0]
08:24:24.277 INFO  - Loading configurations from: file:/C:/Users/pedro.luz/.m2/repository/io/skullabs/kikaha/kikaha-core/2.1.8.Final/kikaha-core-2.1.8.Final.jar!/META-INF/defaults.yml
08:24:24.328 INFO  - Loading configurations from: file:/C:/Users/pedro.luz/.m2/repository/io/skullabs/kikaha/kikaha-urouting/2.1.8.Final/kikaha-urouting-2.1.8.Final.jar!/META-INF/defaults.yml
08:24:24.337 INFO  - Loading configurations from: file:/C:/Users/pedro.luz/.m2/repository/io/skullabs/kikaha/kikaha-jackson/2.1.8.Final/kikaha-jackson-2.1.8.Final.jar!/META-INF/defaults.yml
08:24:24.339 INFO  - Loading configurations from: file:/C:/Users/pedro.luz/.m2/repository/io/skullabs/kikaha/kikaha-db/2.1.8.Final/kikaha-db-2.1.8.Final.jar!/META-INF/defaults.yml
08:24:24.342 INFO  - Loading configurations from: /C:/GUISMI/GUISM_SERVER/output/classes/conf/application.yml
08:24:24.345 INFO  - Loading configurations from: /C:/GUISMI/GUISM_SERVER/output/test-classes/conf/application-test.yml
08:24:26.292 INFO  - Started org.vibur.dbcp.ViburDBCPDataSource@194fad1[driverClassName = com.mysql.cj.jdbc.Driver, jdbcUrl = jdbc:mysql://localhost/guism?serverTimezone=UTC, username = root, externalDataSource = null, poolInitialSize = 10, poolMaxSize = 10, poolFair = true, pool = org.vibur.objectpool.ConcurrentPool@26abb146[remainingCreated = 10], name = p1, connectionTimeoutInMs = 30000, loginTimeoutInSeconds = 10, acquireRetryDelayInMs = 1000, acquireRetryAttempts = 3, statementCacheMaxSize = 0]
08:24:26.747 INFO  - Terminated org.vibur.dbcp.ViburDBCPDataSource@194fad1[driverClassName = com.mysql.cj.jdbc.Driver, jdbcUrl = jdbc:mysql://localhost/guism?serverTimezone=UTC, username = root, externalDataSource = null, poolInitialSize = 10, poolMaxSize = 10, poolFair = true, pool = org.vibur.objectpool.ConcurrentPool@26abb146[terminated], name = p1, connectionTimeoutInMs = 30000, loginTimeoutInSeconds = 10, acquireRetryDelayInMs = 1000, acquireRetryAttempts = 3, statementCacheMaxSize = 0]
08:24:40.966 INFO  - Loading configurations from: file:/C:/Users/pedro.luz/.m2/repository/io/skullabs/kikaha/kikaha-core/2.1.8.Final/kikaha-core-2.1.8.Final.jar!/META-INF/defaults.yml
08:24:41.051 INFO  - Loading configurations from: file:/C:/Users/pedro.luz/.m2/repository/io/skullabs/kikaha/kikaha-urouting/2.1.8.Final/kikaha-urouting-2.1.8.Final.jar!/META-INF/defaults.yml
08:24:41.053 INFO  - Loading configurations from: file:/C:/Users/pedro.luz/.m2/repository/io/skullabs/kikaha/kikaha-jackson/2.1.8.Final/kikaha-jackson-2.1.8.Final.jar!/META-INF/defaults.yml
08:24:41.054 INFO  - Loading configurations from: file:/C:/Users/pedro.luz/.m2/repository/io/skullabs/kikaha/kikaha-db/2.1.8.Final/kikaha-db-2.1.8.Final.jar!/META-INF/defaults.yml
08:24:41.056 INFO  - Loading configurations from: /C:/GUISMI/GUISM_SERVER/output/classes/conf/application.yml
08:24:41.058 INFO  - Loading configurations from: /C:/GUISMI/GUISM_SERVER/output/test-classes/conf/application-test.yml
08:24:42.284 INFO  - Started org.vibur.dbcp.ViburDBCPDataSource@5f8e8a9d[driverClassName = com.mysql.cj.jdbc.Driver, jdbcUrl = jdbc:mysql://localhost/guism?serverTimezone=UTC, username = root, externalDataSource = null, poolInitialSize = 10, poolMaxSize = 10, poolFair = true, pool = org.vibur.objectpool.ConcurrentPool@5745ca0e[remainingCreated = 10], name = p1, connectionTimeoutInMs = 30000, loginTimeoutInSeconds = 10, acquireRetryDelayInMs = 1000, acquireRetryAttempts = 3, statementCacheMaxSize = 0]
08:24:42.906 INFO  - Terminated org.vibur.dbcp.ViburDBCPDataSource@5f8e8a9d[driverClassName = com.mysql.cj.jdbc.Driver, jdbcUrl = jdbc:mysql://localhost/guism?serverTimezone=UTC, username = root, externalDataSource = null, poolInitialSize = 10, poolMaxSize = 10, poolFair = true, pool = org.vibur.objectpool.ConcurrentPool@5745ca0e[terminated], name = p1, connectionTimeoutInMs = 30000, loginTimeoutInSeconds = 10, acquireRetryDelayInMs = 1000, acquireRetryAttempts = 3, statementCacheMaxSize = 0]
08:30:30.648 INFO  - Loading configurations from: file:/C:/Users/pedro.luz/.m2/repository/io/skullabs/kikaha/kikaha-core/2.1.8.Final/kikaha-core-2.1.8.Final.jar!/META-INF/defaults.yml
08:30:30.697 INFO  - Loading configurations from: file:/C:/Users/pedro.luz/.m2/repository/io/skullabs/kikaha/kikaha-urouting/2.1.8.Final/kikaha-urouting-2.1.8.Final.jar!/META-INF/defaults.yml
08:30:30.698 INFO  - Loading configurations from: file:/C:/Users/pedro.luz/.m2/repository/io/skullabs/kikaha/kikaha-jackson/2.1.8.Final/kikaha-jackson-2.1.8.Final.jar!/META-INF/defaults.yml
08:30:30.699 INFO  - Loading configurations from: file:/C:/Users/pedro.luz/.m2/repository/io/skullabs/kikaha/kikaha-db/2.1.8.Final/kikaha-db-2.1.8.Final.jar!/META-INF/defaults.yml
08:30:30.700 INFO  - Loading configurations from: /C:/GUISMI/GUISM_SERVER/output/classes/conf/application.yml
08:30:30.702 INFO  - Loading configurations from: /C:/GUISMI/GUISM_SERVER/output/test-classes/conf/application-test.yml
08:30:31.807 INFO  - Started org.vibur.dbcp.ViburDBCPDataSource@26abb146[driverClassName = com.mysql.cj.jdbc.Driver, jdbcUrl = jdbc:mysql://localhost/guism?serverTimezone=UTC, username = root, externalDataSource = null, poolInitialSize = 10, poolMaxSize = 10, poolFair = true, pool = org.vibur.objectpool.ConcurrentPool@72c8e7b[remainingCreated = 10], name = p1, connectionTimeoutInMs = 30000, loginTimeoutInSeconds = 10, acquireRetryDelayInMs = 1000, acquireRetryAttempts = 3, statementCacheMaxSize = 0]
08:30:32.059 INFO  - Terminated org.vibur.dbcp.ViburDBCPDataSource@26abb146[driverClassName = com.mysql.cj.jdbc.Driver, jdbcUrl = jdbc:mysql://localhost/guism?serverTimezone=UTC, username = root, externalDataSource = null, poolInitialSize = 10, poolMaxSize = 10, poolFair = true, pool = org.vibur.objectpool.ConcurrentPool@72c8e7b[terminated], name = p1, connectionTimeoutInMs = 30000, loginTimeoutInSeconds = 10, acquireRetryDelayInMs = 1000, acquireRetryAttempts = 3, statementCacheMaxSize = 0]
08:32:19.895 INFO  - Loading configurations from: file:/C:/Users/pedro.luz/.m2/repository/io/skullabs/kikaha/kikaha-core/2.1.8.Final/kikaha-core-2.1.8.Final.jar!/META-INF/defaults.yml
08:32:19.946 INFO  - Loading configurations from: file:/C:/Users/pedro.luz/.m2/repository/io/skullabs/kikaha/kikaha-urouting/2.1.8.Final/kikaha-urouting-2.1.8.Final.jar!/META-INF/defaults.yml
08:32:19.947 INFO  - Loading configurations from: file:/C:/Users/pedro.luz/.m2/repository/io/skullabs/kikaha/kikaha-jackson/2.1.8.Final/kikaha-jackson-2.1.8.Final.jar!/META-INF/defaults.yml
08:32:19.948 INFO  - Loading configurations from: file:/C:/Users/pedro.luz/.m2/repository/io/skullabs/kikaha/kikaha-db/2.1.8.Final/kikaha-db-2.1.8.Final.jar!/META-INF/defaults.yml
08:32:19.951 INFO  - Loading configurations from: /C:/GUISMI/GUISM_SERVER/output/classes/conf/application.yml
08:32:19.953 INFO  - Loading configurations from: /C:/GUISMI/GUISM_SERVER/output/test-classes/conf/application-test.yml
08:32:21.097 INFO  - Started org.vibur.dbcp.ViburDBCPDataSource@26abb146[driverClassName = com.mysql.cj.jdbc.Driver, jdbcUrl = jdbc:mysql://localhost/guism?serverTimezone=UTC, username = root, externalDataSource = null, poolInitialSize = 10, poolMaxSize = 10, poolFair = true, pool = org.vibur.objectpool.ConcurrentPool@72c8e7b[remainingCreated = 10], name = p1, connectionTimeoutInMs = 30000, loginTimeoutInSeconds = 10, acquireRetryDelayInMs = 1000, acquireRetryAttempts = 3, statementCacheMaxSize = 0]
08:32:21.528 INFO  - Terminated org.vibur.dbcp.ViburDBCPDataSource@26abb146[driverClassName = com.mysql.cj.jdbc.Driver, jdbcUrl = jdbc:mysql://localhost/guism?serverTimezone=UTC, username = root, externalDataSource = null, poolInitialSize = 10, poolMaxSize = 10, poolFair = true, pool = org.vibur.objectpool.ConcurrentPool@72c8e7b[terminated], name = p1, connectionTimeoutInMs = 30000, loginTimeoutInSeconds = 10, acquireRetryDelayInMs = 1000, acquireRetryAttempts = 3, statementCacheMaxSize = 0]
08:46:37.047 INFO  - Loading configurations from: file:/C:/Users/pedro.luz/.m2/repository/io/skullabs/kikaha/kikaha-core/2.1.8.Final/kikaha-core-2.1.8.Final.jar!/META-INF/defaults.yml
08:46:37.103 INFO  - Loading configurations from: file:/C:/Users/pedro.luz/.m2/repository/io/skullabs/kikaha/kikaha-urouting/2.1.8.Final/kikaha-urouting-2.1.8.Final.jar!/META-INF/defaults.yml
08:46:37.104 INFO  - Loading configurations from: file:/C:/Users/pedro.luz/.m2/repository/io/skullabs/kikaha/kikaha-jackson/2.1.8.Final/kikaha-jackson-2.1.8.Final.jar!/META-INF/defaults.yml
08:46:37.105 INFO  - Loading configurations from: file:/C:/Users/pedro.luz/.m2/repository/io/skullabs/kikaha/kikaha-db/2.1.8.Final/kikaha-db-2.1.8.Final.jar!/META-INF/defaults.yml
08:46:37.108 INFO  - Loading configurations from: /C:/GUISMI/GUISM_SERVER/output/classes/conf/application.yml
08:46:37.110 INFO  - Loading configurations from: /C:/GUISMI/GUISM_SERVER/output/test-classes/conf/application-test.yml
08:46:38.219 INFO  - Started org.vibur.dbcp.ViburDBCPDataSource@26abb146[driverClassName = com.mysql.cj.jdbc.Driver, jdbcUrl = jdbc:mysql://localhost/guism?serverTimezone=UTC, username = root, externalDataSource = null, poolInitialSize = 10, poolMaxSize = 10, poolFair = true, pool = org.vibur.objectpool.ConcurrentPool@72c8e7b[remainingCreated = 10], name = p1, connectionTimeoutInMs = 30000, loginTimeoutInSeconds = 10, acquireRetryDelayInMs = 1000, acquireRetryAttempts = 3, statementCacheMaxSize = 0]
08:46:38.806 INFO  - Terminated org.vibur.dbcp.ViburDBCPDataSource@26abb146[driverClassName = com.mysql.cj.jdbc.Driver, jdbcUrl = jdbc:mysql://localhost/guism?serverTimezone=UTC, username = root, externalDataSource = null, poolInitialSize = 10, poolMaxSize = 10, poolFair = true, pool = org.vibur.objectpool.ConcurrentPool@72c8e7b[terminated], name = p1, connectionTimeoutInMs = 30000, loginTimeoutInSeconds = 10, acquireRetryDelayInMs = 1000, acquireRetryAttempts = 3, statementCacheMaxSize = 0]
08:48:00.922 INFO  - Loading configurations from: file:/C:/Users/pedro.luz/.m2/repository/io/skullabs/kikaha/kikaha-core/2.1.8.Final/kikaha-core-2.1.8.Final.jar!/META-INF/defaults.yml
08:48:00.970 INFO  - Loading configurations from: file:/C:/Users/pedro.luz/.m2/repository/io/skullabs/kikaha/kikaha-urouting/2.1.8.Final/kikaha-urouting-2.1.8.Final.jar!/META-INF/defaults.yml
08:48:00.971 INFO  - Loading configurations from: file:/C:/Users/pedro.luz/.m2/repository/io/skullabs/kikaha/kikaha-jackson/2.1.8.Final/kikaha-jackson-2.1.8.Final.jar!/META-INF/defaults.yml
08:48:00.972 INFO  - Loading configurations from: file:/C:/Users/pedro.luz/.m2/repository/io/skullabs/kikaha/kikaha-db/2.1.8.Final/kikaha-db-2.1.8.Final.jar!/META-INF/defaults.yml
08:48:00.974 INFO  - Loading configurations from: /C:/GUISMI/GUISM_SERVER/output/classes/conf/application.yml
08:48:00.977 INFO  - Loading configurations from: /C:/GUISMI/GUISM_SERVER/output/test-classes/conf/application-test.yml
08:48:02.137 INFO  - Started org.vibur.dbcp.ViburDBCPDataSource@26abb146[driverClassName = com.mysql.cj.jdbc.Driver, jdbcUrl = jdbc:mysql://localhost/guism?serverTimezone=UTC, username = root, externalDataSource = null, poolInitialSize = 10, poolMaxSize = 10, poolFair = true, pool = org.vibur.objectpool.ConcurrentPool@72c8e7b[remainingCreated = 10], name = p1, connectionTimeoutInMs = 30000, loginTimeoutInSeconds = 10, acquireRetryDelayInMs = 1000, acquireRetryAttempts = 3, statementCacheMaxSize = 0]
08:48:02.671 INFO  - Terminated org.vibur.dbcp.ViburDBCPDataSource@26abb146[driverClassName = com.mysql.cj.jdbc.Driver, jdbcUrl = jdbc:mysql://localhost/guism?serverTimezone=UTC, username = root, externalDataSource = null, poolInitialSize = 10, poolMaxSize = 10, poolFair = true, pool = org.vibur.objectpool.ConcurrentPool@72c8e7b[terminated], name = p1, connectionTimeoutInMs = 30000, loginTimeoutInSeconds = 10, acquireRetryDelayInMs = 1000, acquireRetryAttempts = 3, statementCacheMaxSize = 0]
08:50:08.338 INFO  - Loading configurations from: file:/C:/Users/pedro.luz/.m2/repository/io/skullabs/kikaha/kikaha-core/2.1.8.Final/kikaha-core-2.1.8.Final.jar!/META-INF/defaults.yml
08:50:08.397 INFO  - Loading configurations from: file:/C:/Users/pedro.luz/.m2/repository/io/skullabs/kikaha/kikaha-urouting/2.1.8.Final/kikaha-urouting-2.1.8.Final.jar!/META-INF/defaults.yml
08:50:08.398 INFO  - Loading configurations from: file:/C:/Users/pedro.luz/.m2/repository/io/skullabs/kikaha/kikaha-jackson/2.1.8.Final/kikaha-jackson-2.1.8.Final.jar!/META-INF/defaults.yml
08:50:08.399 INFO  - Loading configurations from: file:/C:/Users/pedro.luz/.m2/repository/io/skullabs/kikaha/kikaha-db/2.1.8.Final/kikaha-db-2.1.8.Final.jar!/META-INF/defaults.yml
08:50:08.401 INFO  - Loading configurations from: /C:/GUISMI/GUISM_SERVER/output/classes/conf/application.yml
08:50:08.402 INFO  - Loading configurations from: /C:/GUISMI/GUISM_SERVER/output/test-classes/conf/application-test.yml
08:50:09.551 INFO  - Started org.vibur.dbcp.ViburDBCPDataSource@26abb146[driverClassName = com.mysql.cj.jdbc.Driver, jdbcUrl = jdbc:mysql://localhost/guism?serverTimezone=UTC, username = root, externalDataSource = null, poolInitialSize = 10, poolMaxSize = 10, poolFair = true, pool = org.vibur.objectpool.ConcurrentPool@72c8e7b[remainingCreated = 10], name = p1, connectionTimeoutInMs = 30000, loginTimeoutInSeconds = 10, acquireRetryDelayInMs = 1000, acquireRetryAttempts = 3, statementCacheMaxSize = 0]
08:50:10.076 INFO  - Terminated org.vibur.dbcp.ViburDBCPDataSource@26abb146[driverClassName = com.mysql.cj.jdbc.Driver, jdbcUrl = jdbc:mysql://localhost/guism?serverTimezone=UTC, username = root, externalDataSource = null, poolInitialSize = 10, poolMaxSize = 10, poolFair = true, pool = org.vibur.objectpool.ConcurrentPool@72c8e7b[terminated], name = p1, connectionTimeoutInMs = 30000, loginTimeoutInSeconds = 10, acquireRetryDelayInMs = 1000, acquireRetryAttempts = 3, statementCacheMaxSize = 0]
08:50:42.860 INFO  - Loading configurations from: file:/C:/Users/pedro.luz/.m2/repository/io/skullabs/kikaha/kikaha-core/2.1.8.Final/kikaha-core-2.1.8.Final.jar!/META-INF/defaults.yml
08:50:42.913 INFO  - Loading configurations from: file:/C:/Users/pedro.luz/.m2/repository/io/skullabs/kikaha/kikaha-urouting/2.1.8.Final/kikaha-urouting-2.1.8.Final.jar!/META-INF/defaults.yml
08:50:42.914 INFO  - Loading configurations from: file:/C:/Users/pedro.luz/.m2/repository/io/skullabs/kikaha/kikaha-jackson/2.1.8.Final/kikaha-jackson-2.1.8.Final.jar!/META-INF/defaults.yml
08:50:42.914 INFO  - Loading configurations from: file:/C:/Users/pedro.luz/.m2/repository/io/skullabs/kikaha/kikaha-db/2.1.8.Final/kikaha-db-2.1.8.Final.jar!/META-INF/defaults.yml
08:50:42.918 INFO  - Loading configurations from: /C:/GUISMI/GUISM_SERVER/output/classes/conf/application.yml
08:50:42.920 INFO  - Loading configurations from: /C:/GUISMI/GUISM_SERVER/output/test-classes/conf/application-test.yml
08:50:44.018 INFO  - Started org.vibur.dbcp.ViburDBCPDataSource@26abb146[driverClassName = com.mysql.cj.jdbc.Driver, jdbcUrl = jdbc:mysql://localhost/guism?serverTimezone=UTC, username = root, externalDataSource = null, poolInitialSize = 10, poolMaxSize = 10, poolFair = true, pool = org.vibur.objectpool.ConcurrentPool@72c8e7b[remainingCreated = 10], name = p1, connectionTimeoutInMs = 30000, loginTimeoutInSeconds = 10, acquireRetryDelayInMs = 1000, acquireRetryAttempts = 3, statementCacheMaxSize = 0]
08:50:44.431 INFO  - Terminated org.vibur.dbcp.ViburDBCPDataSource@26abb146[driverClassName = com.mysql.cj.jdbc.Driver, jdbcUrl = jdbc:mysql://localhost/guism?serverTimezone=UTC, username = root, externalDataSource = null, poolInitialSize = 10, poolMaxSize = 10, poolFair = true, pool = org.vibur.objectpool.ConcurrentPool@72c8e7b[terminated], name = p1, connectionTimeoutInMs = 30000, loginTimeoutInSeconds = 10, acquireRetryDelayInMs = 1000, acquireRetryAttempts = 3, statementCacheMaxSize = 0]
09:05:04.672 INFO  - Loading configurations from: file:/C:/Users/pedro.luz/.m2/repository/io/skullabs/kikaha/kikaha-core/2.1.8.Final/kikaha-core-2.1.8.Final.jar!/META-INF/defaults.yml
09:05:04.722 INFO  - Loading configurations from: file:/C:/Users/pedro.luz/.m2/repository/io/skullabs/kikaha/kikaha-urouting/2.1.8.Final/kikaha-urouting-2.1.8.Final.jar!/META-INF/defaults.yml
09:05:04.723 INFO  - Loading configurations from: file:/C:/Users/pedro.luz/.m2/repository/io/skullabs/kikaha/kikaha-jackson/2.1.8.Final/kikaha-jackson-2.1.8.Final.jar!/META-INF/defaults.yml
09:05:04.724 INFO  - Loading configurations from: file:/C:/Users/pedro.luz/.m2/repository/io/skullabs/kikaha/kikaha-db/2.1.8.Final/kikaha-db-2.1.8.Final.jar!/META-INF/defaults.yml
09:05:04.726 INFO  - Loading configurations from: /C:/GUISMI/GUISM_SERVER/output/classes/conf/application.yml
09:05:04.727 INFO  - Loading configurations from: /C:/GUISMI/GUISM_SERVER/output/test-classes/conf/application-test.yml
09:05:05.898 INFO  - Started org.vibur.dbcp.ViburDBCPDataSource@26abb146[driverClassName = com.mysql.cj.jdbc.Driver, jdbcUrl = jdbc:mysql://localhost/guism?serverTimezone=UTC, username = root, externalDataSource = null, poolInitialSize = 10, poolMaxSize = 10, poolFair = true, pool = org.vibur.objectpool.ConcurrentPool@72c8e7b[remainingCreated = 10], name = p1, connectionTimeoutInMs = 30000, loginTimeoutInSeconds = 10, acquireRetryDelayInMs = 1000, acquireRetryAttempts = 3, statementCacheMaxSize = 0]
09:05:05.960 INFO  - Terminated org.vibur.dbcp.ViburDBCPDataSource@26abb146[driverClassName = com.mysql.cj.jdbc.Driver, jdbcUrl = jdbc:mysql://localhost/guism?serverTimezone=UTC, username = root, externalDataSource = null, poolInitialSize = 10, poolMaxSize = 10, poolFair = true, pool = org.vibur.objectpool.ConcurrentPool@72c8e7b[terminated], name = p1, connectionTimeoutInMs = 30000, loginTimeoutInSeconds = 10, acquireRetryDelayInMs = 1000, acquireRetryAttempts = 3, statementCacheMaxSize = 0]
12:48:39.535 INFO  - Loading configurations from: file:/C:/Users/pedro.luz/.m2/repository/io/skullabs/kikaha/kikaha-core/2.1.8.Final/kikaha-core-2.1.8.Final.jar!/META-INF/defaults.yml
12:48:39.592 INFO  - Loading configurations from: file:/C:/Users/pedro.luz/.m2/repository/io/skullabs/kikaha/kikaha-urouting/2.1.8.Final/kikaha-urouting-2.1.8.Final.jar!/META-INF/defaults.yml
12:48:39.593 INFO  - Loading configurations from: file:/C:/Users/pedro.luz/.m2/repository/io/skullabs/kikaha/kikaha-jackson/2.1.8.Final/kikaha-jackson-2.1.8.Final.jar!/META-INF/defaults.yml
12:48:39.594 INFO  - Loading configurations from: file:/C:/Users/pedro.luz/.m2/repository/io/skullabs/kikaha/kikaha-db/2.1.8.Final/kikaha-db-2.1.8.Final.jar!/META-INF/defaults.yml
12:48:39.596 INFO  - Loading configurations from: /C:/GUISMI/GUISM_SERVER/output/classes/conf/application.yml
12:48:39.599 INFO  - Loading configurations from: /C:/GUISMI/GUISM_SERVER/output/test-classes/conf/application-test.yml
12:48:40.843 INFO  - Started org.vibur.dbcp.ViburDBCPDataSource@26abb146[driverClassName = com.mysql.cj.jdbc.Driver, jdbcUrl = jdbc:mysql://localhost/guism?serverTimezone=UTC, username = root, externalDataSource = null, poolInitialSize = 10, poolMaxSize = 10, poolFair = true, pool = org.vibur.objectpool.ConcurrentPool@72c8e7b[remainingCreated = 10], name = p1, connectionTimeoutInMs = 30000, loginTimeoutInSeconds = 10, acquireRetryDelayInMs = 1000, acquireRetryAttempts = 3, statementCacheMaxSize = 0]
12:48:41.300 INFO  - Terminated org.vibur.dbcp.ViburDBCPDataSource@26abb146[driverClassName = com.mysql.cj.jdbc.Driver, jdbcUrl = jdbc:mysql://localhost/guism?serverTimezone=UTC, username = root, externalDataSource = null, poolInitialSize = 10, poolMaxSize = 10, poolFair = true, pool = org.vibur.objectpool.ConcurrentPool@72c8e7b[terminated], name = p1, connectionTimeoutInMs = 30000, loginTimeoutInSeconds = 10, acquireRetryDelayInMs = 1000, acquireRetryAttempts = 3, statementCacheMaxSize = 0]
12:57:32.893 INFO  - Loading configurations from: file:/C:/Users/pedro.luz/.m2/repository/io/skullabs/kikaha/kikaha-core/2.1.8.Final/kikaha-core-2.1.8.Final.jar!/META-INF/defaults.yml
12:57:32.943 INFO  - Loading configurations from: file:/C:/Users/pedro.luz/.m2/repository/io/skullabs/kikaha/kikaha-urouting/2.1.8.Final/kikaha-urouting-2.1.8.Final.jar!/META-INF/defaults.yml
12:57:32.944 INFO  - Loading configurations from: file:/C:/Users/pedro.luz/.m2/repository/io/skullabs/kikaha/kikaha-jackson/2.1.8.Final/kikaha-jackson-2.1.8.Final.jar!/META-INF/defaults.yml
12:57:32.945 INFO  - Loading configurations from: file:/C:/Users/pedro.luz/.m2/repository/io/skullabs/kikaha/kikaha-db/2.1.8.Final/kikaha-db-2.1.8.Final.jar!/META-INF/defaults.yml
12:57:32.954 INFO  - Loading configurations from: /C:/GUISMI/GUISM_SERVER/output/classes/conf/application.yml
12:57:32.955 INFO  - Loading configurations from: /C:/GUISMI/GUISM_SERVER/output/test-classes/conf/application-test.yml
12:57:34.047 INFO  - Started org.vibur.dbcp.ViburDBCPDataSource@26abb146[driverClassName = com.mysql.cj.jdbc.Driver, jdbcUrl = jdbc:mysql://localhost/guism?serverTimezone=UTC, username = root, externalDataSource = null, poolInitialSize = 10, poolMaxSize = 10, poolFair = true, pool = org.vibur.objectpool.ConcurrentPool@72c8e7b[remainingCreated = 10], name = p1, connectionTimeoutInMs = 30000, loginTimeoutInSeconds = 10, acquireRetryDelayInMs = 1000, acquireRetryAttempts = 3, statementCacheMaxSize = 0]
12:57:34.375 INFO  - Terminated org.vibur.dbcp.ViburDBCPDataSource@26abb146[driverClassName = com.mysql.cj.jdbc.Driver, jdbcUrl = jdbc:mysql://localhost/guism?serverTimezone=UTC, username = root, externalDataSource = null, poolInitialSize = 10, poolMaxSize = 10, poolFair = true, pool = org.vibur.objectpool.ConcurrentPool@72c8e7b[terminated], name = p1, connectionTimeoutInMs = 30000, loginTimeoutInSeconds = 10, acquireRetryDelayInMs = 1000, acquireRetryAttempts = 3, statementCacheMaxSize = 0]
13:03:58.421 INFO  - Loading configurations from: file:/C:/Users/pedro.luz/.m2/repository/io/skullabs/kikaha/kikaha-core/2.1.8.Final/kikaha-core-2.1.8.Final.jar!/META-INF/defaults.yml
13:03:58.470 INFO  - Loading configurations from: file:/C:/Users/pedro.luz/.m2/repository/io/skullabs/kikaha/kikaha-urouting/2.1.8.Final/kikaha-urouting-2.1.8.Final.jar!/META-INF/defaults.yml
13:03:58.471 INFO  - Loading configurations from: file:/C:/Users/pedro.luz/.m2/repository/io/skullabs/kikaha/kikaha-jackson/2.1.8.Final/kikaha-jackson-2.1.8.Final.jar!/META-INF/defaults.yml
13:03:58.472 INFO  - Loading configurations from: file:/C:/Users/pedro.luz/.m2/repository/io/skullabs/kikaha/kikaha-db/2.1.8.Final/kikaha-db-2.1.8.Final.jar!/META-INF/defaults.yml
13:03:58.474 INFO  - Loading configurations from: /C:/GUISMI/GUISM_SERVER/output/classes/conf/application.yml
13:03:58.476 INFO  - Loading configurations from: /C:/GUISMI/GUISM_SERVER/output/test-classes/conf/application-test.yml
13:03:59.658 INFO  - Started org.vibur.dbcp.ViburDBCPDataSource@26abb146[driverClassName = com.mysql.cj.jdbc.Driver, jdbcUrl = jdbc:mysql://localhost/guism?serverTimezone=UTC, username = root, externalDataSource = null, poolInitialSize = 10, poolMaxSize = 10, poolFair = true, pool = org.vibur.objectpool.ConcurrentPool@72c8e7b[remainingCreated = 10], name = p1, connectionTimeoutInMs = 30000, loginTimeoutInSeconds = 10, acquireRetryDelayInMs = 1000, acquireRetryAttempts = 3, statementCacheMaxSize = 0]
13:03:59.990 INFO  - Terminated org.vibur.dbcp.ViburDBCPDataSource@26abb146[driverClassName = com.mysql.cj.jdbc.Driver, jdbcUrl = jdbc:mysql://localhost/guism?serverTimezone=UTC, username = root, externalDataSource = null, poolInitialSize = 10, poolMaxSize = 10, poolFair = true, pool = org.vibur.objectpool.ConcurrentPool@72c8e7b[terminated], name = p1, connectionTimeoutInMs = 30000, loginTimeoutInSeconds = 10, acquireRetryDelayInMs = 1000, acquireRetryAttempts = 3, statementCacheMaxSize = 0]
13:09:12.715 INFO  - Loading configurations from: file:/C:/Users/pedro.luz/.m2/repository/io/skullabs/kikaha/kikaha-core/2.1.8.Final/kikaha-core-2.1.8.Final.jar!/META-INF/defaults.yml
13:09:12.768 INFO  - Loading configurations from: file:/C:/Users/pedro.luz/.m2/repository/io/skullabs/kikaha/kikaha-urouting/2.1.8.Final/kikaha-urouting-2.1.8.Final.jar!/META-INF/defaults.yml
13:09:12.769 INFO  - Loading configurations from: file:/C:/Users/pedro.luz/.m2/repository/io/skullabs/kikaha/kikaha-jackson/2.1.8.Final/kikaha-jackson-2.1.8.Final.jar!/META-INF/defaults.yml
13:09:12.770 INFO  - Loading configurations from: file:/C:/Users/pedro.luz/.m2/repository/io/skullabs/kikaha/kikaha-db/2.1.8.Final/kikaha-db-2.1.8.Final.jar!/META-INF/defaults.yml
13:09:12.772 INFO  - Loading configurations from: /C:/GUISMI/GUISM_SERVER/output/classes/conf/application.yml
13:09:12.773 INFO  - Loading configurations from: /C:/GUISMI/GUISM_SERVER/output/test-classes/conf/application-test.yml
13:09:13.905 INFO  - Started org.vibur.dbcp.ViburDBCPDataSource@26abb146[driverClassName = com.mysql.cj.jdbc.Driver, jdbcUrl = jdbc:mysql://localhost/guism?serverTimezone=UTC, username = root, externalDataSource = null, poolInitialSize = 10, poolMaxSize = 10, poolFair = true, pool = org.vibur.objectpool.ConcurrentPool@72c8e7b[remainingCreated = 10], name = p1, connectionTimeoutInMs = 30000, loginTimeoutInSeconds = 10, acquireRetryDelayInMs = 1000, acquireRetryAttempts = 3, statementCacheMaxSize = 0]
13:09:14.266 INFO  - Terminated org.vibur.dbcp.ViburDBCPDataSource@26abb146[driverClassName = com.mysql.cj.jdbc.Driver, jdbcUrl = jdbc:mysql://localhost/guism?serverTimezone=UTC, username = root, externalDataSource = null, poolInitialSize = 10, poolMaxSize = 10, poolFair = true, pool = org.vibur.objectpool.ConcurrentPool@72c8e7b[terminated], name = p1, connectionTimeoutInMs = 30000, loginTimeoutInSeconds = 10, acquireRetryDelayInMs = 1000, acquireRetryAttempts = 3, statementCacheMaxSize = 0]
13:12:01.126 INFO  - Loading configurations from: file:/C:/Users/pedro.luz/.m2/repository/io/skullabs/kikaha/kikaha-core/2.1.8.Final/kikaha-core-2.1.8.Final.jar!/META-INF/defaults.yml
13:12:01.175 INFO  - Loading configurations from: file:/C:/Users/pedro.luz/.m2/repository/io/skullabs/kikaha/kikaha-urouting/2.1.8.Final/kikaha-urouting-2.1.8.Final.jar!/META-INF/defaults.yml
13:12:01.177 INFO  - Loading configurations from: file:/C:/Users/pedro.luz/.m2/repository/io/skullabs/kikaha/kikaha-jackson/2.1.8.Final/kikaha-jackson-2.1.8.Final.jar!/META-INF/defaults.yml
13:12:01.178 INFO  - Loading configurations from: file:/C:/Users/pedro.luz/.m2/repository/io/skullabs/kikaha/kikaha-db/2.1.8.Final/kikaha-db-2.1.8.Final.jar!/META-INF/defaults.yml
13:12:01.180 INFO  - Loading configurations from: /C:/GUISMI/GUISM_SERVER/output/classes/conf/application.yml
13:12:01.182 INFO  - Loading configurations from: /C:/GUISMI/GUISM_SERVER/output/test-classes/conf/application-test.yml
13:12:02.324 INFO  - Started org.vibur.dbcp.ViburDBCPDataSource@26abb146[driverClassName = com.mysql.cj.jdbc.Driver, jdbcUrl = jdbc:mysql://localhost/guism?serverTimezone=UTC, username = root, externalDataSource = null, poolInitialSize = 10, poolMaxSize = 10, poolFair = true, pool = org.vibur.objectpool.ConcurrentPool@72c8e7b[remainingCreated = 10], name = p1, connectionTimeoutInMs = 30000, loginTimeoutInSeconds = 10, acquireRetryDelayInMs = 1000, acquireRetryAttempts = 3, statementCacheMaxSize = 0]
13:12:02.669 INFO  - Terminated org.vibur.dbcp.ViburDBCPDataSource@26abb146[driverClassName = com.mysql.cj.jdbc.Driver, jdbcUrl = jdbc:mysql://localhost/guism?serverTimezone=UTC, username = root, externalDataSource = null, poolInitialSize = 10, poolMaxSize = 10, poolFair = true, pool = org.vibur.objectpool.ConcurrentPool@72c8e7b[terminated], name = p1, connectionTimeoutInMs = 30000, loginTimeoutInSeconds = 10, acquireRetryDelayInMs = 1000, acquireRetryAttempts = 3, statementCacheMaxSize = 0]
13:13:35.303 INFO  - Loading configurations from: file:/C:/Users/pedro.luz/.m2/repository/io/skullabs/kikaha/kikaha-core/2.1.8.Final/kikaha-core-2.1.8.Final.jar!/META-INF/defaults.yml
13:13:35.357 INFO  - Loading configurations from: file:/C:/Users/pedro.luz/.m2/repository/io/skullabs/kikaha/kikaha-urouting/2.1.8.Final/kikaha-urouting-2.1.8.Final.jar!/META-INF/defaults.yml
13:13:35.359 INFO  - Loading configurations from: file:/C:/Users/pedro.luz/.m2/repository/io/skullabs/kikaha/kikaha-jackson/2.1.8.Final/kikaha-jackson-2.1.8.Final.jar!/META-INF/defaults.yml
13:13:35.360 INFO  - Loading configurations from: file:/C:/Users/pedro.luz/.m2/repository/io/skullabs/kikaha/kikaha-db/2.1.8.Final/kikaha-db-2.1.8.Final.jar!/META-INF/defaults.yml
13:13:35.363 INFO  - Loading configurations from: /C:/GUISMI/GUISM_SERVER/output/classes/conf/application.yml
13:13:35.365 INFO  - Loading configurations from: /C:/GUISMI/GUISM_SERVER/output/test-classes/conf/application-test.yml
13:13:36.465 INFO  - Started org.vibur.dbcp.ViburDBCPDataSource@26abb146[driverClassName = com.mysql.cj.jdbc.Driver, jdbcUrl = jdbc:mysql://localhost/guism?serverTimezone=UTC, username = root, externalDataSource = null, poolInitialSize = 10, poolMaxSize = 10, poolFair = true, pool = org.vibur.objectpool.ConcurrentPool@72c8e7b[remainingCreated = 10], name = p1, connectionTimeoutInMs = 30000, loginTimeoutInSeconds = 10, acquireRetryDelayInMs = 1000, acquireRetryAttempts = 3, statementCacheMaxSize = 0]
13:13:36.859 INFO  - Terminated org.vibur.dbcp.ViburDBCPDataSource@26abb146[driverClassName = com.mysql.cj.jdbc.Driver, jdbcUrl = jdbc:mysql://localhost/guism?serverTimezone=UTC, username = root, externalDataSource = null, poolInitialSize = 10, poolMaxSize = 10, poolFair = true, pool = org.vibur.objectpool.ConcurrentPool@72c8e7b[terminated], name = p1, connectionTimeoutInMs = 30000, loginTimeoutInSeconds = 10, acquireRetryDelayInMs = 1000, acquireRetryAttempts = 3, statementCacheMaxSize = 0]
13:15:26.546 INFO  - Loading configurations from: file:/C:/Users/pedro.luz/.m2/repository/io/skullabs/kikaha/kikaha-core/2.1.8.Final/kikaha-core-2.1.8.Final.jar!/META-INF/defaults.yml
13:15:26.595 INFO  - Loading configurations from: file:/C:/Users/pedro.luz/.m2/repository/io/skullabs/kikaha/kikaha-urouting/2.1.8.Final/kikaha-urouting-2.1.8.Final.jar!/META-INF/defaults.yml
13:15:26.597 INFO  - Loading configurations from: file:/C:/Users/pedro.luz/.m2/repository/io/skullabs/kikaha/kikaha-jackson/2.1.8.Final/kikaha-jackson-2.1.8.Final.jar!/META-INF/defaults.yml
13:15:26.598 INFO  - Loading configurations from: file:/C:/Users/pedro.luz/.m2/repository/io/skullabs/kikaha/kikaha-db/2.1.8.Final/kikaha-db-2.1.8.Final.jar!/META-INF/defaults.yml
13:15:26.601 INFO  - Loading configurations from: /C:/GUISMI/GUISM_SERVER/output/classes/conf/application.yml
13:15:26.603 INFO  - Loading configurations from: /C:/GUISMI/GUISM_SERVER/output/test-classes/conf/application-test.yml
13:15:27.766 INFO  - Started org.vibur.dbcp.ViburDBCPDataSource@26abb146[driverClassName = com.mysql.cj.jdbc.Driver, jdbcUrl = jdbc:mysql://localhost/guism?serverTimezone=UTC, username = root, externalDataSource = null, poolInitialSize = 10, poolMaxSize = 10, poolFair = true, pool = org.vibur.objectpool.ConcurrentPool@72c8e7b[remainingCreated = 10], name = p1, connectionTimeoutInMs = 30000, loginTimeoutInSeconds = 10, acquireRetryDelayInMs = 1000, acquireRetryAttempts = 3, statementCacheMaxSize = 0]
13:15:28.131 INFO  - Terminated org.vibur.dbcp.ViburDBCPDataSource@26abb146[driverClassName = com.mysql.cj.jdbc.Driver, jdbcUrl = jdbc:mysql://localhost/guism?serverTimezone=UTC, username = root, externalDataSource = null, poolInitialSize = 10, poolMaxSize = 10, poolFair = true, pool = org.vibur.objectpool.ConcurrentPool@72c8e7b[terminated], name = p1, connectionTimeoutInMs = 30000, loginTimeoutInSeconds = 10, acquireRetryDelayInMs = 1000, acquireRetryAttempts = 3, statementCacheMaxSize = 0]
13:15:49.755 INFO  - Loading configurations from: file:/C:/Users/pedro.luz/.m2/repository/io/skullabs/kikaha/kikaha-core/2.1.8.Final/kikaha-core-2.1.8.Final.jar!/META-INF/defaults.yml
13:15:49.811 INFO  - Loading configurations from: file:/C:/Users/pedro.luz/.m2/repository/io/skullabs/kikaha/kikaha-urouting/2.1.8.Final/kikaha-urouting-2.1.8.Final.jar!/META-INF/defaults.yml
13:15:49.812 INFO  - Loading configurations from: file:/C:/Users/pedro.luz/.m2/repository/io/skullabs/kikaha/kikaha-jackson/2.1.8.Final/kikaha-jackson-2.1.8.Final.jar!/META-INF/defaults.yml
13:15:49.813 INFO  - Loading configurations from: file:/C:/Users/pedro.luz/.m2/repository/io/skullabs/kikaha/kikaha-db/2.1.8.Final/kikaha-db-2.1.8.Final.jar!/META-INF/defaults.yml
13:15:49.816 INFO  - Loading configurations from: /C:/GUISMI/GUISM_SERVER/output/classes/conf/application.yml
13:15:49.817 INFO  - Loading configurations from: /C:/GUISMI/GUISM_SERVER/output/test-classes/conf/application-test.yml
13:15:50.944 INFO  - Started org.vibur.dbcp.ViburDBCPDataSource@26abb146[driverClassName = com.mysql.cj.jdbc.Driver, jdbcUrl = jdbc:mysql://localhost/guism?serverTimezone=UTC, username = root, externalDataSource = null, poolInitialSize = 10, poolMaxSize = 10, poolFair = true, pool = org.vibur.objectpool.ConcurrentPool@72c8e7b[remainingCreated = 10], name = p1, connectionTimeoutInMs = 30000, loginTimeoutInSeconds = 10, acquireRetryDelayInMs = 1000, acquireRetryAttempts = 3, statementCacheMaxSize = 0]
13:15:51.289 INFO  - Terminated org.vibur.dbcp.ViburDBCPDataSource@26abb146[driverClassName = com.mysql.cj.jdbc.Driver, jdbcUrl = jdbc:mysql://localhost/guism?serverTimezone=UTC, username = root, externalDataSource = null, poolInitialSize = 10, poolMaxSize = 10, poolFair = true, pool = org.vibur.objectpool.ConcurrentPool@72c8e7b[terminated], name = p1, connectionTimeoutInMs = 30000, loginTimeoutInSeconds = 10, acquireRetryDelayInMs = 1000, acquireRetryAttempts = 3, statementCacheMaxSize = 0]
13:17:22.251 INFO  - Loading configurations from: file:/C:/Users/pedro.luz/.m2/repository/io/skullabs/kikaha/kikaha-core/2.1.8.Final/kikaha-core-2.1.8.Final.jar!/META-INF/defaults.yml
13:17:22.300 INFO  - Loading configurations from: file:/C:/Users/pedro.luz/.m2/repository/io/skullabs/kikaha/kikaha-urouting/2.1.8.Final/kikaha-urouting-2.1.8.Final.jar!/META-INF/defaults.yml
13:17:22.302 INFO  - Loading configurations from: file:/C:/Users/pedro.luz/.m2/repository/io/skullabs/kikaha/kikaha-jackson/2.1.8.Final/kikaha-jackson-2.1.8.Final.jar!/META-INF/defaults.yml
13:17:22.302 INFO  - Loading configurations from: file:/C:/Users/pedro.luz/.m2/repository/io/skullabs/kikaha/kikaha-db/2.1.8.Final/kikaha-db-2.1.8.Final.jar!/META-INF/defaults.yml
13:17:22.307 INFO  - Loading configurations from: /C:/GUISMI/GUISM_SERVER/output/classes/conf/application.yml
13:17:22.308 INFO  - Loading configurations from: /C:/GUISMI/GUISM_SERVER/output/test-classes/conf/application-test.yml
13:17:23.453 INFO  - Started org.vibur.dbcp.ViburDBCPDataSource@26abb146[driverClassName = com.mysql.cj.jdbc.Driver, jdbcUrl = jdbc:mysql://localhost/guism?serverTimezone=UTC, username = root, externalDataSource = null, poolInitialSize = 10, poolMaxSize = 10, poolFair = true, pool = org.vibur.objectpool.ConcurrentPool@72c8e7b[remainingCreated = 10], name = p1, connectionTimeoutInMs = 30000, loginTimeoutInSeconds = 10, acquireRetryDelayInMs = 1000, acquireRetryAttempts = 3, statementCacheMaxSize = 0]
13:17:23.799 INFO  - Terminated org.vibur.dbcp.ViburDBCPDataSource@26abb146[driverClassName = com.mysql.cj.jdbc.Driver, jdbcUrl = jdbc:mysql://localhost/guism?serverTimezone=UTC, username = root, externalDataSource = null, poolInitialSize = 10, poolMaxSize = 10, poolFair = true, pool = org.vibur.objectpool.ConcurrentPool@72c8e7b[terminated], name = p1, connectionTimeoutInMs = 30000, loginTimeoutInSeconds = 10, acquireRetryDelayInMs = 1000, acquireRetryAttempts = 3, statementCacheMaxSize = 0]
